\BOOKMARK [1][-]{section.1}{The nonlinear flow solver}{}% 1
\BOOKMARK [2][-]{subsection.1.1}{Governing equations}{section.1}% 2
\BOOKMARK [2][-]{subsection.1.2}{Spatial discretization}{section.1}% 3
\BOOKMARK [1][-]{section.2}{Stability analysis}{}% 4
\BOOKMARK [2][-]{subsection.2.1}{Time-domain unsteady approach}{section.2}% 5
\BOOKMARK [2][-]{subsection.2.2}{Eigenvalue approach}{section.2}% 6
\BOOKMARK [1][-]{section.3}{Eigenvalue analysis for large sparse matrices}{}% 7
\BOOKMARK [1][-]{section.4}{Results}{}% 8
\BOOKMARK [2][-]{subsection.4.1}{Laminar flow around a two-dimensional circular cylinder}{section.4}% 9
\BOOKMARK [3][-]{subsubsection.4.1.1}{Steady state calculation}{subsection.4.1}% 10
\BOOKMARK [3][-]{subsubsection.4.1.2}{Unsteady calculation}{subsection.4.1}% 11
\BOOKMARK [3][-]{subsubsection.4.1.3}{Eigenvalue analysis}{subsection.4.1}% 12
\BOOKMARK [2][-]{subsection.4.2}{Rotating stall for an annular compressor cascade}{section.4}% 13
\BOOKMARK [3][-]{subsubsection.4.2.1}{Steady state calculation}{subsection.4.2}% 14
\BOOKMARK [3][-]{subsubsection.4.2.2}{Unsteady calculation}{subsection.4.2}% 15
\BOOKMARK [3][-]{subsubsection.4.2.3}{Eigenvalue analysis}{subsection.4.2}% 16
\BOOKMARK [2][-]{subsection.4.3}{Rotating instability for an axial compressor rotor}{section.4}% 17
\BOOKMARK [3][-]{subsubsection.4.3.1}{Steady state calculation}{subsection.4.3}% 18
\BOOKMARK [3][-]{subsubsection.4.3.2}{Unsteady calculation}{subsection.4.3}% 19
\BOOKMARK [3][-]{subsubsection.4.3.3}{Eigenvalue analysis}{subsection.4.3}% 20
\BOOKMARK [1][-]{section.5}{Conclusion}{}% 21
