\BOOKMARK [1][-]{section.1}{redTodo list}{}% 1
\BOOKMARK [1][-]{section.2}{Introduction}{}% 2
\BOOKMARK [1][-]{section.3}{The nonlinear flow solver}{}% 3
\BOOKMARK [2][-]{subsection.3.1}{Governing equations}{section.3}% 4
\BOOKMARK [2][-]{subsection.3.2}{Spatial discretization}{section.3}% 5
\BOOKMARK [2][-]{subsection.3.3}{Temporal discretization}{section.3}% 6
\BOOKMARK [1][-]{section.4}{Global linear stability analysis}{}% 7
\BOOKMARK [2][-]{subsection.4.1}{Numerical implementation}{section.4}% 8
\BOOKMARK [2][-]{subsection.4.2}{Time-domain unsteady approach}{section.4}% 9
\BOOKMARK [2][-]{subsection.4.3}{Eigenvalue approach}{section.4}% 10
\BOOKMARK [1][-]{section.5}{Eigenvalue analysis for large sparse matrices}{}% 11
\BOOKMARK [1][-]{section.6}{Results}{}% 12
\BOOKMARK [2][-]{subsection.6.1}{Laminar flow around a two-dimensional circular cylinder}{section.6}% 13
\BOOKMARK [3][-]{subsubsection.6.1.1}{Steady state calculation}{subsection.6.1}% 14
\BOOKMARK [3][-]{subsubsection.6.1.2}{Unsteady calculation}{subsection.6.1}% 15
\BOOKMARK [3][-]{subsubsection.6.1.3}{Eigenvalue analysis}{subsection.6.1}% 16
\BOOKMARK [2][-]{subsection.6.2}{Transonic flow for a single blade \(quasi-3D analysis\)}{section.6}% 17
\BOOKMARK [2][-]{subsection.6.3}{Compressor performance characteristics}{section.6}% 18
\BOOKMARK [2][-]{subsection.6.4}{Eigenvalue analysis}{section.6}% 19
\BOOKMARK [1][-]{section.7}{Conclusion}{}% 20
